13:27:11.066 INFO  o.h.annotations.common.Version - HCANN000001: Hibernate Commons Annotations {4.0.4.Final}
13:27:11.076 INFO  org.hibernate.Version - HHH000412: Hibernate Core {4.3.5.Final}
13:27:11.079 INFO  org.hibernate.cfg.Environment - HHH000206: hibernate.properties not found
13:27:11.081 INFO  org.hibernate.cfg.Environment - HHH000021: Bytecode provider name : javassist
13:27:11.104 INFO  org.hibernate.cfg.Configuration - HHH000043: Configuring from resource: /hibernate.cfg.xml
13:27:11.105 INFO  org.hibernate.cfg.Configuration - HHH000040: Configuration resource: /hibernate.cfg.xml
13:27:11.173 INFO  org.hibernate.cfg.Configuration - HHH000041: Configured SessionFactory: null
13:27:11.376 INFO  o.h.e.j.c.i.DriverManagerConnectionProviderImpl - HHH000401: using driver [oracle.jdbc.driver.OracleDriver] at URL [jdbc:oracle:thin:@db.inf.unideb.hu:1521:ora11g]
13:27:11.377 INFO  o.h.e.j.c.i.DriverManagerConnectionProviderImpl - HHH000046: Connection properties: {user=H_JA8LA1, password=kassai}
13:27:11.377 INFO  o.h.e.j.c.i.DriverManagerConnectionProviderImpl - HHH000006: Autocommit mode: false
13:27:11.379 INFO  o.h.e.j.c.i.DriverManagerConnectionProviderImpl - HHH000115: Hibernate connection pool size: 20 (min=1)
13:27:11.851 INFO  org.hibernate.dialect.Dialect - HHH000400: Using dialect: org.hibernate.dialect.OracleDialect
13:27:12.058 INFO  o.h.e.t.i.TransactionFactoryInitiator - HHH000399: Using default transaction strategy (direct JDBC transactions)
13:27:12.064 INFO  o.h.h.i.a.ASTQueryTranslatorFactory - HHH000397: Using ASTQueryTranslatorFactory
13:27:12.110 INFO  org.hibernate.validator.util.Version - Hibernate Validator 4.2.0.Final
13:27:12.467 INFO  o.h.tool.hbm2ddl.SchemaUpdate - HHH000228: Running hbm2ddl schema update
13:27:12.468 INFO  o.h.tool.hbm2ddl.SchemaUpdate - HHH000102: Fetching database metadata
13:27:12.492 INFO  o.h.tool.hbm2ddl.SchemaUpdate - HHH000396: Updating schema
13:27:12.741 INFO  o.h.tool.hbm2ddl.TableMetadata - HHH000261: Table found: H_JA8LA1.ITEM
13:27:12.741 INFO  o.h.tool.hbm2ddl.TableMetadata - HHH000037: Columns: [id, price, description, name, quantity]
13:27:12.741 INFO  o.h.tool.hbm2ddl.TableMetadata - HHH000108: Foreign keys: []
13:27:12.741 INFO  o.h.tool.hbm2ddl.TableMetadata - HHH000126: Indexes: [sys_c0088879]
13:27:12.743 INFO  o.h.tool.hbm2ddl.SchemaUpdate - HHH000232: Schema update complete
13:27:13.216 INFO  main.Main - System started
13:27:17.142 INFO  main.Main - An item modified in the database
13:27:19.269 INFO  main.Main - An item modified in the database
13:27:20.281 INFO  main.Main - A bill has been saved
